<?xml version="1.0" encoding="UTF-8"?>
<testsuite xmlns:xsi="http://www.w3.org/2001/XMLSchema-instance" xsi:noNamespaceSchemaLocation="https://maven.apache.org/surefire/maven-surefire-plugin/xsd/surefire-test-report.xsd" name="com.grupp09.kassasystem.CalculatorTest" time="0.101" tests="1" errors="0" skipped="0" failures="0">
  <properties>
    <property name="java.specification.version" value="21"/>
    <property name="sun.jnu.encoding" value="UTF-8"/>
    <property name="java.class.path" value="/home/pst/IdeaProjects/INTE/INTE_Kassasystem-Grupp09/target/test-classes:/home/pst/IdeaProjects/INTE/INTE_Kassasystem-Grupp09/target/classes:/home/pst/.m2/repository/org/junit/jupiter/junit-jupiter-engine/5.11.0-M2/junit-jupiter-engine-5.11.0-M2.jar:/home/pst/.m2/repository/org/junit/platform/junit-platform-engine/1.11.0-M2/junit-platform-engine-1.11.0-M2.jar:/home/pst/.m2/repository/org/opentest4j/opentest4j/1.3.0/opentest4j-1.3.0.jar:/home/pst/.m2/repository/org/junit/platform/junit-platform-commons/1.11.0-M2/junit-platform-commons-1.11.0-M2.jar:/home/pst/.m2/repository/org/junit/jupiter/junit-jupiter-api/5.11.0-M2/junit-jupiter-api-5.11.0-M2.jar:/home/pst/.m2/repository/org/apiguardian/apiguardian-api/1.1.2/apiguardian-api-1.1.2.jar:/home/pst/.m2/repository/org/junit/platform/junit-platform-runner/1.11.0-M2/junit-platform-runner-1.11.0-M2.jar:/home/pst/.m2/repository/junit/junit/4.13.2/junit-4.13.2.jar:/home/pst/.m2/repository/org/hamcrest/hamcrest-core/1.3/hamcrest-core-1.3.jar:/home/pst/.m2/repository/org/junit/platform/junit-platform-launcher/1.11.0-M2/junit-platform-launcher-1.11.0-M2.jar:/home/pst/.m2/repository/org/junit/platform/junit-platform-suite-api/1.11.0-M2/junit-platform-suite-api-1.11.0-M2.jar:/home/pst/.m2/repository/org/junit/platform/junit-platform-suite-commons/1.11.0-M2/junit-platform-suite-commons-1.11.0-M2.jar:"/>
    <property name="java.vm.vendor" value="Eclipse Adoptium"/>
    <property name="sun.arch.data.model" value="64"/>
    <property name="java.vendor.url" value="https://adoptium.net/"/>
    <property name="os.name" value="Linux"/>
    <property name="java.vm.specification.version" value="21"/>
    <property name="sun.java.launcher" value="SUN_STANDARD"/>
    <property name="user.country" value="US"/>
    <property name="sun.boot.library.path" value="/home/pst/Downloads/jdk-21.0.6+7/lib"/>
    <property name="sun.java.command" value="/home/pst/IdeaProjects/INTE/INTE_Kassasystem-Grupp09/target/surefire/surefirebooter4482699191972281033.jar /home/pst/IdeaProjects/INTE/INTE_Kassasystem-Grupp09/target/surefire 2025-10-14T12-41-05_777-jvmRun1 surefire5238304670398105382tmp surefire_010330270452772032767tmp"/>
    <property name="jdk.debug" value="release"/>
    <property name="surefire.test.class.path" value="/home/pst/IdeaProjects/INTE/INTE_Kassasystem-Grupp09/target/test-classes:/home/pst/IdeaProjects/INTE/INTE_Kassasystem-Grupp09/target/classes:/home/pst/.m2/repository/org/junit/jupiter/junit-jupiter-engine/5.11.0-M2/junit-jupiter-engine-5.11.0-M2.jar:/home/pst/.m2/repository/org/junit/platform/junit-platform-engine/1.11.0-M2/junit-platform-engine-1.11.0-M2.jar:/home/pst/.m2/repository/org/opentest4j/opentest4j/1.3.0/opentest4j-1.3.0.jar:/home/pst/.m2/repository/org/junit/platform/junit-platform-commons/1.11.0-M2/junit-platform-commons-1.11.0-M2.jar:/home/pst/.m2/repository/org/junit/jupiter/junit-jupiter-api/5.11.0-M2/junit-jupiter-api-5.11.0-M2.jar:/home/pst/.m2/repository/org/apiguardian/apiguardian-api/1.1.2/apiguardian-api-1.1.2.jar:/home/pst/.m2/repository/org/junit/platform/junit-platform-runner/1.11.0-M2/junit-platform-runner-1.11.0-M2.jar:/home/pst/.m2/repository/junit/junit/4.13.2/junit-4.13.2.jar:/home/pst/.m2/repository/org/hamcrest/hamcrest-core/1.3/hamcrest-core-1.3.jar:/home/pst/.m2/repository/org/junit/platform/junit-platform-launcher/1.11.0-M2/junit-platform-launcher-1.11.0-M2.jar:/home/pst/.m2/repository/org/junit/platform/junit-platform-suite-api/1.11.0-M2/junit-platform-suite-api-1.11.0-M2.jar:/home/pst/.m2/repository/org/junit/platform/junit-platform-suite-commons/1.11.0-M2/junit-platform-suite-commons-1.11.0-M2.jar:"/>
    <property name="sun.cpu.endian" value="little"/>
    <property name="user.home" value="/home/pst"/>
    <property name="user.language" value="en"/>
    <property name="java.specification.vendor" value="Oracle Corporation"/>
    <property name="java.version.date" value="2025-01-21"/>
    <property name="java.home" value="/home/pst/Downloads/jdk-21.0.6+7"/>
    <property name="file.separator" value="/"/>
    <property name="basedir" value="/home/pst/IdeaProjects/INTE/INTE_Kassasystem-Grupp09"/>
    <property name="java.vm.compressedOopsMode" value="Zero based"/>
    <property name="line.separator" value="&#10;"/>
    <property name="java.specification.name" value="Java Platform API Specification"/>
    <property name="java.vm.specification.vendor" value="Oracle Corporation"/>
    <property name="surefire.real.class.path" value="/home/pst/IdeaProjects/INTE/INTE_Kassasystem-Grupp09/target/surefire/surefirebooter4482699191972281033.jar"/>
    <property name="sun.management.compiler" value="HotSpot 64-Bit Tiered Compilers"/>
    <property name="java.runtime.version" value="21.0.6+7-LTS"/>
    <property name="user.name" value="pst"/>
    <property name="stdout.encoding" value="UTF-8"/>
    <property name="path.separator" value=":"/>
    <property name="os.version" value="5.15.0-139-generic"/>
    <property name="java.runtime.name" value="OpenJDK Runtime Environment"/>
    <property name="file.encoding" value="UTF-8"/>
    <property name="java.vm.name" value="OpenJDK 64-Bit Server VM"/>
    <property name="java.vendor.version" value="Temurin-21.0.6+7"/>
    <property name="localRepository" value="/home/pst/.m2/repository"/>
    <property name="java.vendor.url.bug" value="https://github.com/adoptium/adoptium-support/issues"/>
    <property name="java.io.tmpdir" value="/tmp"/>
    <property name="java.version" value="21.0.6"/>
    <property name="user.dir" value="/home/pst/IdeaProjects/INTE/INTE_Kassasystem-Grupp09"/>
    <property name="os.arch" value="amd64"/>
    <property name="java.vm.specification.name" value="Java Virtual Machine Specification"/>
    <property name="native.encoding" value="UTF-8"/>
    <property name="java.library.path" value="/usr/java/packages/lib:/usr/lib64:/lib64:/lib:/usr/lib"/>
    <property name="java.vm.info" value="mixed mode, sharing"/>
    <property name="stderr.encoding" value="UTF-8"/>
    <property name="java.vendor" value="Eclipse Adoptium"/>
    <property name="java.vm.version" value="21.0.6+7-LTS"/>
    <property name="sun.io.unicode.encoding" value="UnicodeLittle"/>
    <property name="java.class.version" value="65.0"/>
  </properties>
  <testcase name="add_TwoNumbers_GivesCorrectResult" classname="com.grupp09.kassasystem.CalculatorTest" time="0.061"/>
</testsuite>